<?xml version="1.0" encoding="UTF-8"?>
<testsuite xmlns:xsi="http://www.w3.org/2001/XMLSchema-instance" xsi:noNamespaceSchemaLocation="https://maven.apache.org/surefire/maven-surefire-plugin/xsd/surefire-test-report.xsd" name="com.tblf.AppTest" time="0.043" tests="7" errors="0" skipped="0" failures="0">
  <properties>
[...]
</properties>
  <testcase name="testOne" classname="com.tblf.AppTest" time="0.003"/>
  <testcase name="testSix" classname="com.tblf.AppTest" time="0.001"/>
  <testcase name="testTwo" classname="com.tblf.AppTest" time="0"/>
  <testcase name="testSeven" classname="com.tblf.AppTest" time="0.001"/>
  <testcase name="testThree" classname="com.tblf.AppTest" time="0.001"/>
  <testcase name="testFive" classname="com.tblf.AppTest" time="0"/>
  <testcase name="testFour" classname="com.tblf.AppTest" time="0"/>
</testsuite>